46.0 APEX_CODE,FINEST;APEX_PROFILING,INFO;CALLOUT,INFO;DB,INFO;NBA,INFO;SYSTEM,DEBUG;VALIDATION,INFO;VISUALFORCE,INFO;WAVE,INFO;WORKFLOW,INFO
02:50:18.2 (2524768)|USER_INFO|[EXTERNAL]|0052D000001Wwfb|test-bambdrghsolk@example.com|(GMT-07:00) Pacific Daylight Time (America/Los_Angeles)|GMT-07:00
02:50:18.2 (2560022)|EXECUTION_STARTED
02:50:18.2 (2565899)|CODE_UNIT_STARTED|[EXTERNAL]|01p2D000000VVBb|TestCaseChangeTrigger.testChangeEventTrigger()
02:50:18.2 (3594801)|HEAP_ALLOCATE|[72]|Bytes:3
02:50:18.2 (3637691)|HEAP_ALLOCATE|[77]|Bytes:152
02:50:18.2 (3651954)|HEAP_ALLOCATE|[342]|Bytes:408
02:50:18.2 (3663141)|HEAP_ALLOCATE|[355]|Bytes:408
02:50:18.2 (3674098)|HEAP_ALLOCATE|[467]|Bytes:48
02:50:18.2 (3702235)|HEAP_ALLOCATE|[139]|Bytes:6
02:50:18.2 (3717356)|HEAP_ALLOCATE|[EXTERNAL]|Bytes:8
02:50:18.2 (3729203)|METHOD_ENTRY|[2]|01p2D000000VVBb|TestCaseChangeTrigger.TestCaseChangeTrigger()
02:50:18.2 (3735765)|STATEMENT_EXECUTE|[2]
02:50:18.2 (3740559)|STATEMENT_EXECUTE|[2]
02:50:18.2 (3767915)|HEAP_ALLOCATE|[50]|Bytes:5
02:50:18.2 (3791606)|HEAP_ALLOCATE|[56]|Bytes:5
02:50:18.2 (3799304)|HEAP_ALLOCATE|[64]|Bytes:7
02:50:18.2 (5112108)|SYSTEM_MODE_ENTER|false
02:50:18.2 (5132729)|HEAP_ALLOCATE|[EXTERNAL]|Bytes:5
02:50:18.2 (5142003)|SYSTEM_MODE_EXIT|false
02:50:18.2 (5151322)|METHOD_EXIT|[2]|TestCaseChangeTrigger
02:50:18.2 (5196179)|SYSTEM_MODE_ENTER|false
02:50:18.2 (5202654)|HEAP_ALLOCATE|[5]|Bytes:5
02:50:18.2 (5212597)|STATEMENT_EXECUTE|[3]
02:50:18.2 (5214771)|STATEMENT_EXECUTE|[5]
02:50:18.2 (5250598)|HEAP_ALLOCATE|[5]|Bytes:74
02:50:18.2 (5259856)|SYSTEM_METHOD_ENTRY|[1]|Test.Test()
02:50:18.2 (5263532)|STATEMENT_EXECUTE|[1]
02:50:18.2 (5269545)|SYSTEM_METHOD_EXIT|[1]|Test
02:50:18.2 (5281736)|METHOD_ENTRY|[5]||System.Test.enableChangeDataCapture()
02:50:18.2 (5329111)|METHOD_EXIT|[5]||System.Test.enableChangeDataCapture()
02:50:18.2 (5335333)|STATEMENT_EXECUTE|[8]
02:50:18.2 (5397585)|HEAP_ALLOCATE|[8]|Bytes:4
02:50:18.2 (5504283)|VARIABLE_SCOPE_BEGIN|[8]|c|Case|true|false
02:50:18.2 (5534358)|VARIABLE_ASSIGNMENT|[8]|c|{}|0x37981be2
02:50:18.2 (5540908)|STATEMENT_EXECUTE|[9]
02:50:18.2 (5562447)|HEAP_ALLOCATE|[9]|Bytes:8
02:50:18.2 (5572425)|DML_BEGIN|[9]|Op:Insert|Type:Case|Rows:1
02:50:18.2 (5603319)|HEAP_ALLOCATE|[EXTERNAL]|Bytes:8
02:50:18.2 (122696133)|CODE_UNIT_STARTED|[EXTERNAL]|Workflow:Case
02:50:18.2 (124584263)|CODE_UNIT_FINISHED|Workflow:Case
02:50:18.2 (179898190)|DML_END|[9]
02:50:18.2 (179966559)|STATEMENT_EXECUTE|[12]
02:50:18.2 (180004462)|METHOD_ENTRY|[12]||System.Test.getEventBus()
02:50:18.2 (181591779)|SYSTEM_METHOD_ENTRY|[6]|TestBroker.TestBroker()
02:50:18.2 (181604067)|STATEMENT_EXECUTE|[6]
02:50:18.2 (181618549)|SYSTEM_METHOD_EXIT|[6]|TestBroker
02:50:18.2 (181634844)|HEAP_ALLOCATE|[97]|Bytes:4
02:50:18.2 (181650783)|VARIABLE_SCOPE_BEGIN|[6]|this|eventbus.TestBroker|true|false
02:50:18.2 (181703134)|VARIABLE_ASSIGNMENT|[6]|this|{}|0x5afb3fc5
02:50:18.2 (181811827)|METHOD_EXIT|[12]||System.Test.getEventBus()
02:50:18.2 (181840030)|METHOD_ENTRY|[12]||eventbus.TestBroker.deliver()
02:50:18.2 (226278760)|PUSH_TRACE_FLAGS|[EXTERNAL]|01q2D0000009N2i|CaseChangeTrigger|APEX_CODE,FINEST;APEX_PROFILING,INFO;CALLOUT,INFO;DB,FINEST;NBA,INFO;SYSTEM,FINE;VALIDATION,INFO;VISUALFORCE,INFO;WAVE,INFO;WORKFLOW,FINER
02:50:18.2 (226302897)|CODE_UNIT_STARTED|[EXTERNAL]|01q2D0000009N2i|CaseChangeTrigger on CaseChangeEvent trigger event AfterInsert|__sfdc_trigger/CaseChangeTrigger
02:50:18.2 (226359817)|HEAP_ALLOCATE|[EXTERNAL]|Bytes:8
02:50:18.2 (226492971)|HEAP_ALLOCATE|[EXTERNAL]|Bytes:13
02:50:18.2 (226513637)|HEAP_ALLOCATE|[EXTERNAL]|Bytes:4
02:50:18.2 (226522648)|VARIABLE_SCOPE_BEGIN|[1]|this|CaseChangeTrigger|true|false
02:50:18.2 (226556143)|VARIABLE_ASSIGNMENT|[1]|this|{}|0x67786c00
02:50:18.2 (226642276)|HEAP_ALLOCATE|[EXTERNAL]|Bytes:4
02:50:18.2 (226650140)|VARIABLE_SCOPE_BEGIN|[1]|this|CaseChangeTrigger|true|false
02:50:18.2 (226663025)|VARIABLE_ASSIGNMENT|[1]|this|{}|0x67786c00
02:50:18.2 (226671448)|STATEMENT_EXECUTE|[1]
02:50:18.2 (226863668)|SYSTEM_METHOD_ENTRY|[3]|List<CaseChangeEvent>.iterator()
02:50:18.2 (226992600)|SYSTEM_METHOD_EXIT|[3]|List<CaseChangeEvent>.iterator()
02:50:18.2 (227014977)|SYSTEM_METHOD_ENTRY|[3]|system.ListIterator.hasNext()
02:50:18.2 (227032707)|HEAP_ALLOCATE|[3]|Bytes:5
02:50:18.2 (227041615)|SYSTEM_METHOD_EXIT|[3]|system.ListIterator.hasNext()
02:50:18.2 (227084134)|VARIABLE_SCOPE_BEGIN|[3]|event|CaseChangeEvent|true|false
02:50:18.2 (228677526)|VARIABLE_ASSIGNMENT|[3]|event|{"Status":"New","LastModifiedDate":"2019-05-20T09:50:18Z","HasCommentsUnreadByOwner":false,"IsVisibleInSelfService":false,"Priority":"Medium","IsClosed":false,"IsSelfServiceClosed":false,"BusinessHoursId":"01m2D0000004EpWQAU","IsStopped":false,"OwnerId":"0052D000001WwfbQAC","CreatedById":"0052D000001WwfbQAC","IsEscalated":false,"ReplayId":"1","ChangeEventHeader":"ChangeEventHeader {changeType=CREATE, id=5002D000004LOWkQAO, changeOrigin=com/salesforce/api/apex/46.0, transactionKey=00045316-707b-99df-0479-1da8a8f39a82, sequenceNumber=1, isTransactionEnd=false, commitTimestamp=1558345818000, commitNumber=10598417803205, commitUser=0052D000001WwfbQAC}","CreatedDate":"2019-05-20T09:50:18Z","CaseNumber":"00101033","IsClosedOnCreate":false,"Id":"1CExx0000000001GAA","HasSelfServiceComments":false,"LastModifiedById":"0052D000001WwfbQAC"}|0x43e1af36
02:50:18.2 (228698816)|STATEMENT_EXECUTE|[3]
02:50:18.2 (228700828)|STATEMENT_EXECUTE|[4]
02:50:18.2 (228758897)|HEAP_ALLOCATE|[4]|Bytes:4
02:50:18.2 (228855047)|VARIABLE_SCOPE_BEGIN|[4]|redAccountEvent|RedAccountEvent__e|true|false
02:50:18.2 (228870876)|VARIABLE_ASSIGNMENT|[4]|redAccountEvent|{}|0x4274a43d
02:50:18.2 (228876854)|STATEMENT_EXECUTE|[6]
02:50:18.2 (228899379)|SYSTEM_METHOD_ENTRY|[6]|EventBus.publish(SObject)
02:50:18.2 (228911391)|HEAP_ALLOCATE|[6]|Bytes:8
02:50:18.2 (228924851)|DML_BEGIN|[6]|Op:Insert|Type:RedAccountEvent__e|Rows:1
02:50:18.2 (228958410)|HEAP_ALLOCATE|[EXTERNAL]|Bytes:8
02:50:18.2 (231018421)|DML_END|[6]
02:50:18.2 (231087505)|HEAP_ALLOCATE|[6]|Bytes:4
02:50:18.2 (231105204)|SYSTEM_METHOD_EXIT|[6]|EventBus.publish(SObject)
02:50:18.2 (231133449)|VARIABLE_SCOPE_BEGIN|[6]|sr|Database.SaveResult|true|false
02:50:18.2 (231180766)|VARIABLE_ASSIGNMENT|[6]|sr|{"success":true,"id":"e00xx0000000001AAA","errors":[{"status":"OPERATION_ENQUEUED","message":"e664f8a8-ee3c-4dd8-b (16 more) ..."}]}|0x2c73391d
02:50:18.2 (231225334)|STATEMENT_EXECUTE|[7]
02:50:18.2 (231228467)|STATEMENT_EXECUTE|[8]
02:50:18.2 (231233628)|HEAP_ALLOCATE|[8]|Bytes:29
02:50:18.2 (231257116)|SYSTEM_METHOD_ENTRY|[8]|System.debug(ANY)
02:50:18.2 (231280862)|USER_DEBUG|[8]|DEBUG|Successfully published event.
02:50:18.2 (231292870)|SYSTEM_METHOD_EXIT|[8]|System.debug(ANY)
02:50:18.2 (231305731)|SYSTEM_METHOD_ENTRY|[3]|system.ListIterator.hasNext()
02:50:18.2 (231316111)|HEAP_ALLOCATE|[3]|Bytes:5
02:50:18.2 (231324983)|SYSTEM_METHOD_EXIT|[3]|system.ListIterator.hasNext()
02:50:18.2 (231338466)|VARIABLE_ASSIGNMENT|[3]|event|null|
02:50:18.231 (231349630)|CUMULATIVE_LIMIT_USAGE
02:50:18.231 (231349630)|LIMIT_USAGE_FOR_NS|(default)|
  Number of SOQL queries: 0 out of 100
  Number of query rows: 0 out of 50000
  Number of SOSL queries: 0 out of 20
  Number of DML statements: 1 out of 150
  Number of DML rows: 1 out of 10000
  Maximum CPU time: 0 out of 10000
  Maximum heap size: 0 out of 6000000
  Number of callouts: 0 out of 100
  Number of Email Invocations: 0 out of 10
  Number of future calls: 0 out of 50
  Number of queueable jobs added to the queue: 0 out of 50
  Number of Mobile Apex push calls: 0 out of 10

02:50:18.231 (231349630)|CUMULATIVE_LIMIT_USAGE_END

02:50:18.2 (232469325)|CODE_UNIT_FINISHED|CaseChangeTrigger on CaseChangeEvent trigger event AfterInsert|__sfdc_trigger/CaseChangeTrigger
02:50:18.2 (232496219)|POP_TRACE_FLAGS|[EXTERNAL]|01q2D0000009N2i|CaseChangeTrigger|APEX_CODE,FINEST;APEX_PROFILING,INFO;CALLOUT,INFO;DB,INFO;NBA,INFO;SYSTEM,DEBUG;VALIDATION,INFO;VISUALFORCE,INFO;WAVE,INFO;WORKFLOW,INFO
02:50:18.2 (239857897)|METHOD_EXIT|[12]||eventbus.TestBroker.deliver()
02:50:18.2 (239876847)|SYSTEM_MODE_EXIT|false
02:50:18.239 (239895332)|CUMULATIVE_LIMIT_USAGE
02:50:18.239 (239895332)|LIMIT_USAGE_FOR_NS|(default)|
  Number of SOQL queries: 0 out of 100
  Number of query rows: 0 out of 50000
  Number of SOSL queries: 0 out of 20
  Number of DML statements: 1 out of 150
  Number of DML rows: 1 out of 10000
  Maximum CPU time: 0 out of 10000
  Maximum heap size: 0 out of 6000000
  Number of callouts: 0 out of 100
  Number of Email Invocations: 0 out of 10
  Number of future calls: 0 out of 50
  Number of queueable jobs added to the queue: 0 out of 50
  Number of Mobile Apex push calls: 0 out of 10

02:50:18.239 (239895332)|CUMULATIVE_LIMIT_USAGE_END

02:50:18.2 (239927506)|CODE_UNIT_FINISHED|TestCaseChangeTrigger.testChangeEventTrigger()
02:50:18.2 (241500529)|EXECUTION_FINISHED

